============================================================
  Generated by:           Genus(TM) Synthesis Solution 20.11-s111_1
  Generated on:           Oct 25 2025  05:13:54 pm
  Module:                 aes
  Operating conditions:   slow (balanced_tree)
  Wireload mode:          enclosed
  Area mode:              timing library
============================================================

                                 
   Gate    Instances     Area    Library 
-----------------------------------------
AND2X1            76     345.146    slow 
AND2XL           117     531.344    slow 
AND3X1            17     102.938    slow 
AND4XL             1       6.812    slow 
AO21X1            13      88.557    slow 
AO22X1             6      45.414    slow 
AO22XL            23     174.087    slow 
AOI211X1         186     985.484    slow 
AOI211XL           8      42.386    slow 
AOI21X1          249    1130.809    slow 
AOI21XL           57     258.860    slow 
AOI221X1         162    1226.178    slow 
AOI221XL           1       7.569    slow 
AOI222XL         441    3671.722    slow 
AOI22X1          651    3941.935    slow 
AOI22XL          673    4075.150    slow 
AOI2BB1X1         16      96.883    slow 
AOI2BB1XL          8      48.442    slow 
AOI31X1           59     357.257    slow 
AOI31X2           13     127.916    slow 
AOI31XL            1       6.055    slow 
AOI32X1           76     517.720    slow 
AOI32XL           62     422.350    slow 
AOI33XL           49     370.881    slow 
BUFX2            222    1008.191    slow 
CLKBUFX2          57     258.860    slow 
CLKINVX1        1952    4432.406    slow 
CLKXOR2X1         35     291.407    slow 
DFFRHQX1         473    9666.370    slow 
DFFRX1           199    4368.070    slow 
DFFSHQX1           1      21.193    slow 
INVX1            297     674.398    slow 
INVXL            365     828.806    slow 
MX2X1            174    1185.305    slow 
MXI2X1             3      20.436    slow 
MXI2XL          1116    6757.603    slow 
NAND2BX1          64     290.650    slow 
NAND2BXL          20      90.828    slow 
NAND2X1           15      56.767    slow 
NAND2XL         1463    4429.379    slow 
NAND3BX1          25     151.380    slow 
NAND3BXL           3      18.166    slow 
NAND3X1           22      99.911    slow 
NAND3XL           97     440.516    slow 
NAND4BBXL          1       8.326    slow 
NAND4BX1          92     696.348    slow 
NAND4BXL          50     340.605    slow 
NAND4X1           13      78.718    slow 
NAND4XL          237    1255.697    slow 
NOR2BX1          101     458.681    slow 
NOR2BX2            1       6.812    slow 
NOR2BXL           16      72.662    slow 
NOR2X1            62     234.639    slow 
NOR2XL           846    2561.350    slow 
NOR3BX1            3      18.166    slow 
NOR3BXL            9      54.497    slow 
NOR3X1            19      86.287    slow 
NOR3XL            14      63.580    slow 
NOR4BBXL           1       8.326    slow 
NOR4BX1            9      61.309    slow 
NOR4X1            34     205.877    slow 
OA21X1            68     463.223    slow 
OA21XL             6      40.873    slow 
OA22X1             8      60.552    slow 
OA22XL             8      60.552    slow 
OAI211X1         491    2601.465    slow 
OAI211XL          49     259.617    slow 
OAI21X1          535    2429.649    slow 
OAI21XL           46     208.904    slow 
OAI221X1         160    1211.040    slow 
OAI221XL          15     113.535    slow 
OAI222XL          84     699.376    slow 
OAI22X1          269    1628.849    slow 
OAI22XL           22     133.214    slow 
OAI2BB1X1         51     270.213    slow 
OAI2BB1XL         16      84.773    slow 
OAI31X1           30     181.656    slow 
OAI31XL            1       6.055    slow 
OAI32X1           82     558.592    slow 
OAI32XL           17     115.806    slow 
OAI33X1            9      74.933    slow 
OR2X1             28     127.159    slow 
OR2XL             10      45.414    slow 
OR3X1              2      12.110    slow 
OR3XL             23     139.270    slow 
OR4X1             34     231.611    slow 
OR4XL              3      20.436    slow 
SDFFRHQX1       2312   57748.440    slow 
SDFFSHQX1          2      54.497    slow 
XNOR2X1           16     133.214    slow 
XNOR2XL            6      49.955    slow 
XOR2XL            12      99.911    slow 
-----------------------------------------
total          15491  129749.309         


                                           
     Type      Instances    Area    Area % 
-------------------------------------------
sequential          2987  71858.570   55.4 
inverter            2614   5935.610    4.6 
buffer               279   1267.051    1.0 
logic               9611  50688.079   39.1 
physical_cells         0      0.000    0.0 
-------------------------------------------
total              15491 129749.309  100.0 

